<?xml version="1.0" encoding="UTF-8"?>
<!-- Generated by org.testng.reporters.JUnitXMLReporter -->
<testsuite ignored="1" hostname="DESKTOP-SAUO6O6" failures="0" tests="1" name="Test" time="1.858" errors="0" timestamp="2024-07-04T01:13:13 IST">
  <testcase classname="com.w2a.API_Batch3.testCases.TestCreateCustomerAPI" name="validateCreateCustomerAPI" time="1.666"/>
  <testcase classname="com.w2a.API_Batch3.testCases.TestCreateCustomerAPI" name="m1" time="0.0">
    <ignored/>
  </testcase> <!-- m1 -->
</testsuite> <!-- Test -->
