<?xml version="1.0" encoding="UTF-8"?>
<testsuite xmlns:xsi="http://www.w3.org/2001/XMLSchema-instance" xsi:noNamespaceSchemaLocation="https://maven.apache.org/surefire/maven-surefire-plugin/xsd/surefire-test-report.xsd" version="3.0.1" name="TestSuite" time="2.809" tests="1" errors="0" skipped="0" failures="0">
  <properties>
[...]
</properties>
  <testcase name="validateCreateCustomerAPI[{email=sugyanpatnaik1@gmail.com, description=Test user1 is creating a customer in Stripe Database}](1)" classname="com.w2a.API_Batch3.testCases.TestCreateCustomerAPI" time="1.77">
    <system-out><![CDATA[{secretKey=sk_test_AoUonTZmdf9myxhtAeZCZAXN00LAzXwRPh, testReportPath=src/test/resources/testReports/, testDataSheetName=TestDataSheet, basePath=v1/, baseURI=https://api.stripe.com/, testReportName=TestReport.html}
SheetName-->TestDataSheet
TestCase starts from:- 15
Total no of rows:1
Inside the TestStart method
=========================================================
Request method:	POST
Request URI:	https://api.stripe.com/v1/customers
Proxy:			<none>
Request params:	<none>
Query params:	<none>
Form params:	email=sugyanpatnaik1@gmail.com
				description=Test user1 is creating a customer in Stripe Database
				balance=100
Path params:	<none>
Headers:		Accept=*/*
				Content-Type=application/x-www-form-urlencoded; charset=ISO-8859-1
Cookies:		<none>
Multiparts:		<none>
Body:			<none>
Email in the response --> sugyanpatnaik1@gmail.com
description in the response --> Test user1 is creating a customer in Stripe Database
Footer in the response --> null
Url in the response --> /v1/customers/cus_QPNM1VOeEsggI3/subscriptions
Email using JsonPath --> sugyanpatnaik1@gmail.com
{
    "id": "cus_QPNM1VOeEsggI3",
    "object": "customer",
    "account_balance": 100,
    "address": null,
    "balance": 100,
    "created": 1720033968,
    "currency": "inr",
    "default_currency": "inr",
    "default_source": null,
    "delinquent": false,
    "description": "Test user1 is creating a customer in Stripe Database",
    "discount": null,
    "email": "sugyanpatnaik1@gmail.com",
    "invoice_prefix": "B2082FA7",
    "invoice_settings": {
        "custom_fields": null,
        "default_payment_method": null,
        "footer": null,
        "rendering_options": null
    },
    "livemode": false,
    "metadata": {
        
    },
    "name": null,
    "next_invoice_sequence": 1,
    "phone": null,
    "preferred_locales": [
        
    ],
    "shipping": null,
    "sources": {
        "object": "list",
        "data": [
            
        ],
        "has_more": false,
        "total_count": 0,
        "url": "/v1/customers/cus_QPNM1VOeEsggI3/sources"
    },
    "subscriptions": {
        "object": "list",
        "data": [
            
        ],
        "has_more": false,
        "total_count": 0,
        "url": "/v1/customers/cus_QPNM1VOeEsggI3/subscriptions"
    },
    "tax_exempt": "none",
    "tax_ids": {
        "object": "list",
        "data": [
            
        ],
        "has_more": false,
        "total_count": 0,
        "url": "/v1/customers/cus_QPNM1VOeEsggI3/tax_ids"
    },
    "tax_info": null,
    "tax_info_verification": null,
    "test_clock": null
}
Inside the TestSuccess method
]]></system-out>
    <system-err><![CDATA[SLF4J: Failed to load class "org.slf4j.impl.StaticLoggerBinder".
SLF4J: Defaulting to no-operation (NOP) logger implementation
SLF4J: See http://www.slf4j.org/codes.html#StaticLoggerBinder for further details.
ERROR StatusLogger Log4j2 could not find a logging implementation. Please add log4j-core to the classpath. Using SimpleLogger to log to the console...
]]></system-err>
  </testcase>
</testsuite>