<?xml version="1.0" encoding="UTF-8"?>
<testng-results ignored="0" total="1" passed="1" failed="0" skipped="0">
  <reporter-output>
  </reporter-output>
  <suite started-at="2024-05-28T21:17:43 IST" name="Default suite" finished-at="2024-05-28T21:17:45 IST" duration-ms="2093">
    <groups>
    </groups>
    <test started-at="2024-05-28T21:17:43 IST" name="Default test" finished-at="2024-05-28T21:17:45 IST" duration-ms="2093">
      <class name="com.w2a.API_Batch3.testCases.TestCreateCustomerAPI">
        <test-method is-config="true" signature="beforeSuite()[pri:0, instance:com.w2a.API_Batch3.testCases.TestCreateCustomerAPI@5a85c92]" started-at="2024-05-28T21:17:43 IST" name="beforeSuite" finished-at="2024-05-28T21:17:43 IST" duration-ms="412" status="PASS">
          <reporter-output>
          </reporter-output>
        </test-method> <!-- beforeSuite -->
        <test-method is-config="true" signature="beforeClass()[pri:0, instance:com.w2a.API_Batch3.testCases.TestCreateCustomerAPI@5a85c92]" started-at="2024-05-28T21:17:43 IST" name="beforeClass" finished-at="2024-05-28T21:17:43 IST" duration-ms="2" status="PASS">
          <reporter-output>
          </reporter-output>
        </test-method> <!-- beforeClass -->
        <test-method is-config="true" signature="beforeMethod(java.lang.reflect.Method)[pri:0, instance:com.w2a.API_Batch3.testCases.TestCreateCustomerAPI@5a85c92]" started-at="2024-05-28T21:17:43 IST" name="beforeMethod" finished-at="2024-05-28T21:17:43 IST" duration-ms="3" status="PASS">
          <params>
            <param index="0">
              <value>
                <![CDATA[public void com.w2a.API_Batch3.testCases.TestCreateCustomerAPI.validateCreateCustomerAPI()]]>
              </value>
            </param>
          </params>
          <reporter-output>
          </reporter-output>
        </test-method> <!-- beforeMethod -->
        <test-method signature="validateCreateCustomerAPI()[pri:0, instance:com.w2a.API_Batch3.testCases.TestCreateCustomerAPI@5a85c92]" started-at="2024-05-28T21:17:43 IST" name="validateCreateCustomerAPI" finished-at="2024-05-28T21:17:45 IST" duration-ms="1895" status="PASS">
          <reporter-output>
          </reporter-output>
        </test-method> <!-- validateCreateCustomerAPI -->
        <test-method is-config="true" signature="afterMethod(org.testng.ITestResult)[pri:0, instance:com.w2a.API_Batch3.testCases.TestCreateCustomerAPI@5a85c92]" started-at="2024-05-28T21:17:45 IST" name="afterMethod" finished-at="2024-05-28T21:17:45 IST" duration-ms="176" status="PASS">
          <params>
            <param index="0">
              <value>
                <![CDATA[[TestResult name=validateCreateCustomerAPI status=SUCCESS method=TestCreateCustomerAPI.validateCreateCustomerAPI()[pri:0, instance:com.w2a.API_Batch3.testCases.TestCreateCustomerAPI@5a85c92] output={null}]]]>
              </value>
            </param>
          </params>
          <reporter-output>
          </reporter-output>
        </test-method> <!-- afterMethod -->
        <test-method is-config="true" signature="afterSuite()[pri:0, instance:com.w2a.API_Batch3.testCases.TestCreateCustomerAPI@5a85c92]" started-at="2024-05-28T21:17:45 IST" name="afterSuite" finished-at="2024-05-28T21:17:45 IST" duration-ms="0" status="PASS">
          <reporter-output>
          </reporter-output>
        </test-method> <!-- afterSuite -->
      </class> <!-- com.w2a.API_Batch3.testCases.TestCreateCustomerAPI -->
    </test> <!-- Default test -->
  </suite> <!-- Default suite -->
</testng-results>
